<?xml version="1.0" encoding="UTF-8"?>
<testsuite name="com.example.nimbusware.features.AutoClickerTest" tests="15" skipped="0" failures="0" errors="0" timestamp="2025-10-07T05:32:14" hostname="cursor" time="0.059">
  <properties/>
  <testcase name="testSetCps_TooLow()" classname="com.example.nimbusware.features.AutoClickerTest" time="0.03"/>
  <testcase name="testGetClickRate()" classname="com.example.nimbusware.features.AutoClickerTest" time="0.002"/>
  <testcase name="testIsAnyClickEnabled_Both()" classname="com.example.nimbusware.features.AutoClickerTest" time="0.002"/>
  <testcase name="testIsAnyClickEnabled_None()" classname="com.example.nimbusware.features.AutoClickerTest" time="0.001"/>
  <testcase name="testSetCps_TooHigh()" classname="com.example.nimbusware.features.AutoClickerTest" time="0.001"/>
  <testcase name="testSetTapeMouse()" classname="com.example.nimbusware.features.AutoClickerTest" time="0.001"/>
  <testcase name="testSetLeftClick()" classname="com.example.nimbusware.features.AutoClickerTest" time="0.0"/>
  <testcase name="testSetCps_ValidRange()" classname="com.example.nimbusware.features.AutoClickerTest" time="0.001"/>
  <testcase name="testInitialState()" classname="com.example.nimbusware.features.AutoClickerTest" time="0.001"/>
  <testcase name="testSetRightClick()" classname="com.example.nimbusware.features.AutoClickerTest" time="0.001"/>
  <testcase name="testModuleProperties()" classname="com.example.nimbusware.features.AutoClickerTest" time="0.001"/>
  <testcase name="testSetUseFuntimeBypass()" classname="com.example.nimbusware.features.AutoClickerTest" time="0.001"/>
  <testcase name="testResetToDefaults()" classname="com.example.nimbusware.features.AutoClickerTest" time="0.001"/>
  <testcase name="testIsAnyClickEnabled_LeftOnly()" classname="com.example.nimbusware.features.AutoClickerTest" time="0.001"/>
  <testcase name="testIsAnyClickEnabled_RightOnly()" classname="com.example.nimbusware.features.AutoClickerTest" time="0.001"/>
  <system-out><![CDATA[[2025-10-07 05:32:14.383] [Test worker] [WARN] Invalid CPS value: CPS must be between 1 and 20, got 0
[2025-10-07 05:32:14.404] [Test worker] [WARN] Invalid CPS value: CPS must be between 1 and 20, got 25
[2025-10-07 05:32:14.416] [Test worker] [INFO] AutoClicker reset to default settings
]]></system-out>
  <system-err><![CDATA[]]></system-err>
</testsuite>
